[INFO ] 2024-01-17 18:17:41.638 [main] SignUpSepDefs - User navigates to the signuppage
[INFO ] 2024-01-17 18:17:53.564 [main] SignUpSepDefs - the user enters their first name 
[INFO ] 2024-01-17 18:17:55.681 [main] SignUpSepDefs - the user enters their last name as 
[INFO ] 2024-01-17 18:17:57.792 [main] SignUpSepDefs - the user enters their email 
[INFO ] 2024-01-17 18:17:59.905 [main] SignUpSepDefs - the user enters their password as 
[INFO ] 2024-01-17 18:18:01.986 [main] SignUpSepDefs - the user click on create botton 
[INFO ] 2024-01-17 18:18:14.077 [main] SignUpSepDefs - the user should be registered successfully 
[INFO ] 2024-01-17 18:18:14.091 [main] SignUpSepDefs - User navigates to the signuppage
[INFO ] 2024-01-17 18:18:21.247 [main] SignUpSepDefs - the user enters their first name 
[INFO ] 2024-01-17 18:18:23.420 [main] SignUpSepDefs - the user enters their last name as 
[INFO ] 2024-01-17 18:18:25.483 [main] SignUpSepDefs - the user enters their email 
[INFO ] 2024-01-17 18:18:27.656 [main] SignUpSepDefs - the user enters their password as 
[INFO ] 2024-01-17 18:18:29.728 [main] SignUpSepDefs - the user click on create botton 
[INFO ] 2024-01-17 19:28:43.145 [main] SignUpSepDefs - User navigates to the signuppage
[INFO ] 2024-01-17 19:29:00.924 [main] SignUpSepDefs - the user enters their first name 
[INFO ] 2024-01-17 19:29:03.250 [main] SignUpSepDefs - the user enters their last name as 
[INFO ] 2024-01-17 19:29:05.487 [main] SignUpSepDefs - the user enters their email 
[INFO ] 2024-01-17 19:29:07.837 [main] SignUpSepDefs - the user enters their password as 
[INFO ] 2024-01-17 19:29:10.055 [main] SignUpSepDefs - the user click on create botton 
[INFO ] 2024-01-17 19:29:22.429 [main] SignUpSepDefs - the user should be registered successfully 
[INFO ] 2024-01-17 19:29:22.475 [main] SignUpSepDefs - User navigates to the signuppage
[INFO ] 2024-01-17 19:29:32.784 [main] SignUpSepDefs - the user enters their first name 
[INFO ] 2024-01-17 19:29:35.013 [main] SignUpSepDefs - the user enters their last name as 
[INFO ] 2024-01-17 19:29:37.360 [main] SignUpSepDefs - the user enters their email 
[INFO ] 2024-01-17 19:29:39.710 [main] SignUpSepDefs - the user enters their password as 
[INFO ] 2024-01-17 19:29:41.945 [main] SignUpSepDefs - the user click on create botton 
[INFO ] 2024-01-17 19:29:54.170 [main] SignUpSepDefs - the user should be registered successfully 
[INFO ] 2024-01-17 19:29:54.203 [main] SignUpSepDefs - User navigates to the signuppage
[INFO ] 2024-01-17 19:30:05.443 [main] SignUpSepDefs - the user enters their first name 
[INFO ] 2024-01-17 19:30:07.713 [main] SignUpSepDefs - the user enters their last name as 
[INFO ] 2024-01-17 19:30:10.009 [main] SignUpSepDefs - the user enters their email 
[INFO ] 2024-01-17 19:30:12.374 [main] SignUpSepDefs - the user enters their password as 
[INFO ] 2024-01-17 19:30:14.626 [main] SignUpSepDefs - the user click on create botton 
[INFO ] 2024-01-17 19:30:26.917 [main] SignUpSepDefs - the user should be registered successfully 
[INFO ] 2024-01-17 19:30:26.943 [main] SignUpSepDefs - User navigates to the signuppage
[INFO ] 2024-01-17 19:30:39.414 [main] SignUpSepDefs - the user enters their first name 
[INFO ] 2024-01-17 19:30:41.618 [main] SignUpSepDefs - the user enters their last name as 
[INFO ] 2024-01-17 19:30:43.709 [main] SignUpSepDefs - the user enters their email 
[INFO ] 2024-01-17 19:30:45.838 [main] SignUpSepDefs - the user enters their password as 
[INFO ] 2024-01-17 19:30:47.935 [main] SignUpSepDefs - the user click on create botton 
[INFO ] 2024-01-17 19:31:00.050 [main] SignUpSepDefs - the user should be registered successfully 
[INFO ] 2024-01-17 19:31:00.091 [main] SignUpSepDefs - User navigates to the signuppage
[INFO ] 2024-01-17 19:31:13.504 [main] SignUpSepDefs - the user enters their first name 
[INFO ] 2024-01-17 19:31:15.684 [main] SignUpSepDefs - the user enters their last name as 
[INFO ] 2024-01-17 19:31:17.804 [main] SignUpSepDefs - the user enters their email 
[INFO ] 2024-01-17 19:31:19.972 [main] SignUpSepDefs - the user enters their password as 
[INFO ] 2024-01-17 19:31:22.149 [main] SignUpSepDefs - the user click on create botton 
[INFO ] 2024-01-17 19:31:37.044 [main] SignUpSepDefs - the user should be registered successfully 
[INFO ] 2024-01-17 20:28:41.755 [main] SignUpSepDefs - User navigates to the signuppage
[INFO ] 2024-01-17 20:28:58.468 [main] SignUpSepDefs - the user enters their first name 
[INFO ] 2024-01-17 20:29:00.892 [main] SignUpSepDefs - the user enters their last name as 
[INFO ] 2024-01-17 20:29:03.114 [main] SignUpSepDefs - the user enters their email 
[INFO ] 2024-01-17 20:29:05.437 [main] SignUpSepDefs - the user enters their password as 
[INFO ] 2024-01-17 20:29:07.711 [main] SignUpSepDefs - the user click on create botton 
[INFO ] 2024-01-17 20:29:49.945 [main] SignUpSepDefs - the user should be registered successfully 
[INFO ] 2024-01-17 20:29:49.997 [main] SignUpSepDefs - User navigates to the signuppage
[INFO ] 2024-01-17 20:29:56.067 [main] SignUpSepDefs - User navigates to the signuppage
[INFO ] 2024-01-17 20:30:09.061 [main] SignUpSepDefs - the user enters their first name 
[INFO ] 2024-01-17 20:30:11.445 [main] SignUpSepDefs - the user enters their last name as 
[INFO ] 2024-01-17 20:30:13.664 [main] SignUpSepDefs - the user enters their email 
[INFO ] 2024-01-17 20:30:15.981 [main] SignUpSepDefs - the user enters their password as 
[INFO ] 2024-01-17 20:30:18.280 [main] SignUpSepDefs - the user click on create botton 
[INFO ] 2024-01-17 20:31:00.564 [main] SignUpSepDefs - the user should be registered successfully 
[INFO ] 2024-01-17 20:31:00.586 [main] SignUpSepDefs - User navigates to the signuppage
[INFO ] 2024-01-17 20:31:15.198 [main] SignUpSepDefs - the user enters their first name 
[INFO ] 2024-01-17 20:31:17.477 [main] SignUpSepDefs - the user enters their last name as 
[INFO ] 2024-01-17 20:31:19.729 [main] SignUpSepDefs - the user enters their email 
[INFO ] 2024-01-17 20:31:22.031 [main] SignUpSepDefs - the user enters their password as 
[INFO ] 2024-01-17 20:31:24.277 [main] SignUpSepDefs - the user click on create botton 
[INFO ] 2024-01-17 20:32:06.548 [main] SignUpSepDefs - the user should be registered successfully 
[INFO ] 2024-01-17 20:32:06.574 [main] SignUpSepDefs - User navigates to the signuppage
[INFO ] 2024-01-17 20:32:20.327 [main] SignUpSepDefs - the user enters their first name 
[INFO ] 2024-01-17 20:32:22.600 [main] SignUpSepDefs - the user enters their last name as 
[INFO ] 2024-01-17 20:32:24.811 [main] SignUpSepDefs - the user enters their email 
[INFO ] 2024-01-17 20:32:27.058 [main] SignUpSepDefs - the user enters their password as 
[INFO ] 2024-01-17 20:32:29.266 [main] SignUpSepDefs - the user click on create botton 
[INFO ] 2024-01-17 20:33:11.533 [main] SignUpSepDefs - the user should be registered successfully 
[INFO ] 2024-01-17 21:41:19.732 [main] SignUpSepDefs - User navigates to the signuppage
[INFO ] 2024-01-17 21:41:31.509 [main] SignUpSepDefs - the user enters their first name 
[INFO ] 2024-01-17 21:41:33.630 [main] SignUpSepDefs - the user enters their last name as 
[INFO ] 2024-01-17 21:41:35.708 [main] SignUpSepDefs - the user enters their email 
[INFO ] 2024-01-17 21:41:37.813 [main] SignUpSepDefs - the user enters their password as 
[INFO ] 2024-01-17 21:41:39.914 [main] SignUpSepDefs - the user click on create botton 
[INFO ] 2024-01-17 21:42:22.011 [main] SignUpSepDefs - the user should be registered successfully 
[INFO ] 2024-01-17 21:42:22.019 [main] SignUpSepDefs - User navigates to the signuppage
[INFO ] 2024-01-17 21:42:31.307 [main] SignUpSepDefs - User navigates to the signuppage
[INFO ] 2024-01-17 21:42:40.876 [main] SignUpSepDefs - the user enters their first name 
[INFO ] 2024-01-17 21:42:42.949 [main] SignUpSepDefs - the user enters their last name as 
[INFO ] 2024-01-17 21:42:45.021 [main] SignUpSepDefs - the user enters their email 
[INFO ] 2024-01-17 21:42:47.118 [main] SignUpSepDefs - the user enters their password as 
[INFO ] 2024-01-17 21:42:49.192 [main] SignUpSepDefs - the user click on create botton 
[INFO ] 2024-01-17 21:43:31.374 [main] SignUpSepDefs - the user should be registered successfully 
[INFO ] 2024-01-17 21:43:31.410 [main] SignUpSepDefs - User navigates to the signuppage
[INFO ] 2024-01-17 21:43:41.010 [main] SignUpSepDefs - the user enters their first name 
[INFO ] 2024-01-17 21:43:43.092 [main] SignUpSepDefs - the user enters their last name as 
[INFO ] 2024-01-17 21:43:45.187 [main] SignUpSepDefs - the user enters their email 
[INFO ] 2024-01-17 21:43:47.342 [main] SignUpSepDefs - the user enters their password as 
[INFO ] 2024-01-17 21:43:49.446 [main] SignUpSepDefs - the user click on create botton 
[INFO ] 2024-01-17 21:44:31.535 [main] SignUpSepDefs - the user should be registered successfully 
[INFO ] 2024-01-17 21:44:31.568 [main] SignUpSepDefs - User navigates to the signuppage
[INFO ] 2024-01-17 21:44:40.387 [main] SignUpSepDefs - the user enters their first name 
[INFO ] 2024-01-17 21:44:42.477 [main] SignUpSepDefs - the user enters their last name as 
[INFO ] 2024-01-17 21:44:44.536 [main] SignUpSepDefs - the user enters their email 
[INFO ] 2024-01-17 21:44:46.628 [main] SignUpSepDefs - the user enters their password as 
[INFO ] 2024-01-17 21:44:48.697 [main] SignUpSepDefs - the user click on create botton 
[INFO ] 2024-01-17 21:45:30.794 [main] SignUpSepDefs - the user should be registered successfully 
[INFO ] 2024-01-17 22:16:00.855 [main] SignUpSepDefs - User navigates to the signuppage
[INFO ] 2024-01-17 22:16:13.018 [main] SignUpSepDefs - the user enters their first name 
[INFO ] 2024-01-17 22:16:15.109 [main] SignUpSepDefs - the user enters their last name as 
[INFO ] 2024-01-17 22:16:17.209 [main] SignUpSepDefs - the user enters their email 
[INFO ] 2024-01-17 22:16:19.298 [main] SignUpSepDefs - the user enters their password as 
[INFO ] 2024-01-17 22:16:21.391 [main] SignUpSepDefs - the user click on create botton 
[INFO ] 2024-01-17 22:17:03.471 [main] SignUpSepDefs - the user should be registered successfully 
[INFO ] 2024-01-17 22:17:03.645 [main] SignUpSepDefs - User navigates to the signuppage
[INFO ] 2024-01-17 22:17:13.864 [main] SignUpSepDefs - User navigates to the signuppage
[INFO ] 2024-01-17 22:17:25.502 [main] SignUpSepDefs - User navigates to the signuppage
[INFO ] 2024-01-17 22:17:37.392 [main] SignUpSepDefs - User navigates to the signuppage
[INFO ] 2024-01-17 22:37:10.010 [main] SignUpSepDefs - User navigates to the signuppage
[INFO ] 2024-01-17 22:37:21.872 [main] SignUpSepDefs - the user enters their first name 
[INFO ] 2024-01-17 22:37:23.982 [main] SignUpSepDefs - the user enters their last name as 
[INFO ] 2024-01-17 22:37:26.064 [main] SignUpSepDefs - the user enters their email 
[INFO ] 2024-01-17 22:37:28.163 [main] SignUpSepDefs - the user enters their password as 
[INFO ] 2024-01-17 22:37:30.236 [main] SignUpSepDefs - the user click on create botton 
[INFO ] 2024-01-17 22:38:12.330 [main] SignUpSepDefs - the user should be registered successfully 
[INFO ] 2024-01-17 22:38:12.557 [main] SignUpSepDefs - User navigates to the signuppage
[INFO ] 2024-01-17 22:38:22.267 [main] SignUpSepDefs - the user enters their first name 
[INFO ] 2024-01-17 22:38:24.365 [main] SignUpSepDefs - the user enters their last name as 
[INFO ] 2024-01-17 22:38:26.433 [main] SignUpSepDefs - the user enters their email 
[INFO ] 2024-01-17 22:38:28.523 [main] SignUpSepDefs - the user enters their password as 
[INFO ] 2024-01-17 22:38:30.614 [main] SignUpSepDefs - the user click on create botton 
[INFO ] 2024-01-17 22:39:48.798 [main] SignUpSepDefs - User navigates to the signuppage
[INFO ] 2024-01-17 22:39:59.537 [main] SignUpSepDefs - the user enters their first name 
[INFO ] 2024-01-17 22:40:01.712 [main] SignUpSepDefs - the user enters their last name as 
[INFO ] 2024-01-17 22:40:03.783 [main] SignUpSepDefs - the user enters their email 
[INFO ] 2024-01-17 22:40:05.893 [main] SignUpSepDefs - the user enters their password as 
[INFO ] 2024-01-17 22:40:07.982 [main] SignUpSepDefs - the user click on create botton 
[INFO ] 2024-01-17 22:40:50.068 [main] SignUpSepDefs - the user should be registered successfully 
[INFO ] 2024-01-17 22:40:50.221 [main] SignUpSepDefs - User navigates to the signuppage
[INFO ] 2024-01-17 22:41:01.214 [main] SignUpSepDefs - User navigates to the signuppage
[INFO ] 2024-01-17 22:41:11.430 [main] SignUpSepDefs - User navigates to the signuppage
[INFO ] 2024-01-17 22:41:23.230 [main] SignUpSepDefs - User navigates to the signuppage
[INFO ] 2024-01-17 22:44:16.761 [main] SignUpSepDefs - User navigates to the signuppage
[INFO ] 2024-01-17 22:44:27.080 [main] SignUpSepDefs - the user enters their first name 
[INFO ] 2024-01-17 22:44:29.173 [main] SignUpSepDefs - the user enters their last name as 
[INFO ] 2024-01-17 22:44:31.279 [main] SignUpSepDefs - the user enters their email 
[INFO ] 2024-01-17 22:44:33.366 [main] SignUpSepDefs - the user enters their password as 
[INFO ] 2024-01-17 22:44:35.435 [main] SignUpSepDefs - the user click on create botton 
[INFO ] 2024-01-17 22:45:17.520 [main] SignUpSepDefs - the user should be registered successfully 
[INFO ] 2024-01-17 22:45:17.621 [main] SignUpSepDefs - User navigates to the signuppage
[INFO ] 2024-01-17 22:45:26.846 [main] SignUpSepDefs - the user enters their first name 
[INFO ] 2024-01-17 22:45:28.936 [main] SignUpSepDefs - the user enters their last name as 
[INFO ] 2024-01-17 22:45:30.995 [main] SignUpSepDefs - the user enters their email 
[INFO ] 2024-01-17 22:45:33.092 [main] SignUpSepDefs - the user enters their password as 
[INFO ] 2024-01-17 22:45:35.184 [main] SignUpSepDefs - the user click on create botton 
[INFO ] 2024-01-17 22:46:17.298 [main] SignUpSepDefs - the user should be registered successfully 
[INFO ] 2024-01-17 22:46:17.575 [main] SignUpSepDefs - User navigates to the signuppage
[INFO ] 2024-01-17 22:46:17.808 [main] SignUpSepDefs - User navigates to the signuppage
[INFO ] 2024-01-17 22:46:17.844 [main] SignUpSepDefs - User navigates to the signuppage
[INFO ] 2024-01-17 22:51:57.110 [main] SignUpSepDefs - User navigates to the signuppage
[INFO ] 2024-01-17 22:52:06.323 [main] SignUpSepDefs - the user enters their first name 
[INFO ] 2024-01-17 22:52:08.409 [main] SignUpSepDefs - the user enters their last name as 
[INFO ] 2024-01-17 22:52:10.469 [main] SignUpSepDefs - the user enters their email 
[INFO ] 2024-01-17 22:52:12.587 [main] SignUpSepDefs - the user enters their password as 
[INFO ] 2024-01-17 22:52:14.676 [main] SignUpSepDefs - the user click on create botton 
[INFO ] 2024-01-17 22:52:56.775 [main] SignUpSepDefs - the user should be registered successfully 
[INFO ] 2024-01-17 22:52:56.864 [main] SignUpSepDefs - User navigates to the signuppage
[INFO ] 2024-01-17 22:53:08.156 [main] SignUpSepDefs - User navigates to the signuppage
[INFO ] 2024-01-17 22:53:16.105 [main] SignUpSepDefs - the user enters their first name 
[INFO ] 2024-01-17 22:53:18.230 [main] SignUpSepDefs - the user enters their last name as 
[INFO ] 2024-01-17 22:53:20.300 [main] SignUpSepDefs - the user enters their email 
[INFO ] 2024-01-17 22:53:22.428 [main] SignUpSepDefs - the user enters their password as 
[INFO ] 2024-01-17 22:53:24.529 [main] SignUpSepDefs - the user click on create botton 
[INFO ] 2024-01-17 22:54:06.709 [main] SignUpSepDefs - the user should be registered successfully 
[INFO ] 2024-01-17 22:54:06.834 [main] SignUpSepDefs - User navigates to the signuppage
[INFO ] 2024-01-17 22:54:14.458 [main] SignUpSepDefs - the user enters their first name 
[INFO ] 2024-01-17 22:54:16.547 [main] SignUpSepDefs - the user enters their last name as 
[INFO ] 2024-01-17 22:54:18.623 [main] SignUpSepDefs - the user enters their email 
[INFO ] 2024-01-17 22:54:20.751 [main] SignUpSepDefs - the user enters their password as 
[INFO ] 2024-01-17 22:54:22.854 [main] SignUpSepDefs - the user click on create botton 
[INFO ] 2024-01-17 22:55:04.952 [main] SignUpSepDefs - the user should be registered successfully 
[INFO ] 2024-01-17 22:55:05.049 [main] SignUpSepDefs - User navigates to the signuppage
[INFO ] 2024-01-17 22:55:10.382 [main] SignUpSepDefs - the user enters their first name 
[INFO ] 2024-01-17 22:55:12.485 [main] SignUpSepDefs - the user enters their last name as 
[INFO ] 2024-01-17 22:55:14.578 [main] SignUpSepDefs - the user enters their email 
[INFO ] 2024-01-17 22:55:16.652 [main] SignUpSepDefs - the user enters their password as 
[INFO ] 2024-01-17 22:55:18.714 [main] SignUpSepDefs - the user click on create botton 
[INFO ] 2024-01-17 22:56:02.486 [main] SignUpSepDefs - the user should be registered successfully 
[INFO ] 2024-01-18 10:02:32.696 [main] SignUpSepDefs - User navigates to the signuppage
[INFO ] 2024-01-18 10:02:45.563 [main] SignUpSepDefs - the user enters their first name 
[INFO ] 2024-01-18 10:02:47.879 [main] SignUpSepDefs - the user enters their last name as 
[INFO ] 2024-01-18 10:02:50.024 [main] SignUpSepDefs - the user enters their email 
[INFO ] 2024-01-18 10:02:52.186 [main] SignUpSepDefs - the user enters their password as 
[INFO ] 2024-01-18 10:02:54.289 [main] SignUpSepDefs - the user click on create botton 
[INFO ] 2024-01-18 10:03:36.498 [main] SignUpSepDefs - the user should be registered successfully 
[INFO ] 2024-01-18 10:03:36.627 [main] SignUpSepDefs - User navigates to the signuppage
[INFO ] 2024-01-18 10:03:42.607 [main] SignUpSepDefs - User navigates to the signuppage
[INFO ] 2024-01-18 10:03:49.684 [main] SignUpSepDefs - the user enters their first name 
[INFO ] 2024-01-18 10:03:51.951 [main] SignUpSepDefs - the user enters their last name as 
[INFO ] 2024-01-18 10:03:54.133 [main] SignUpSepDefs - the user enters their email 
[INFO ] 2024-01-18 10:03:56.406 [main] SignUpSepDefs - the user enters their password as 
[INFO ] 2024-01-18 10:03:58.495 [main] SignUpSepDefs - the user click on create botton 
[INFO ] 2024-01-18 10:04:40.605 [main] SignUpSepDefs - the user should be registered successfully 
[INFO ] 2024-01-18 10:04:40.664 [main] SignUpSepDefs - User navigates to the signuppage
[INFO ] 2024-01-18 10:04:47.929 [main] SignUpSepDefs - the user enters their first name 
[INFO ] 2024-01-18 10:04:50.087 [main] SignUpSepDefs - the user enters their last name as 
[INFO ] 2024-01-18 10:04:52.177 [main] SignUpSepDefs - the user enters their email 
[INFO ] 2024-01-18 10:04:54.297 [main] SignUpSepDefs - the user enters their password as 
[INFO ] 2024-01-18 10:04:56.378 [main] SignUpSepDefs - the user click on create botton 
[INFO ] 2024-01-18 10:05:38.511 [main] SignUpSepDefs - the user should be registered successfully 
[INFO ] 2024-01-18 10:05:38.553 [main] SignUpSepDefs - User navigates to the signuppage
[INFO ] 2024-01-18 10:05:45.542 [main] SignUpSepDefs - the user enters their first name 
[INFO ] 2024-01-18 10:05:47.794 [main] SignUpSepDefs - the user enters their last name as 
[INFO ] 2024-01-18 10:05:49.920 [main] SignUpSepDefs - the user enters their email 
[INFO ] 2024-01-18 10:05:52.041 [main] SignUpSepDefs - the user enters their password as 
[INFO ] 2024-01-18 10:05:54.157 [main] SignUpSepDefs - the user click on create botton 
[INFO ] 2024-01-18 10:06:38.109 [main] SignUpSepDefs - the user should be registered successfully 
[INFO ] 2024-01-18 11:41:01.605 [main] SignUpSepDefs - User navigates to the signuppage
[INFO ] 2024-01-18 11:41:14.446 [main] SignUpSepDefs - the user enters their first name 
[INFO ] 2024-01-18 11:41:16.686 [main] SignUpSepDefs - the user enters their last name as 
[INFO ] 2024-01-18 11:41:18.784 [main] SignUpSepDefs - the user enters their email 
[INFO ] 2024-01-18 11:41:20.881 [main] SignUpSepDefs - the user enters their password as 
[INFO ] 2024-01-18 11:41:22.972 [main] SignUpSepDefs - the user click on create botton 
[INFO ] 2024-01-18 11:42:12.273 [main] SignUpSepDefs - User navigates to the signuppage
[INFO ] 2024-01-18 11:42:17.711 [main] SignUpSepDefs - the user enters their first name 
[INFO ] 2024-01-18 11:42:19.790 [main] SignUpSepDefs - the user enters their last name as 
[INFO ] 2024-01-18 11:42:21.888 [main] SignUpSepDefs - the user enters their email 
[INFO ] 2024-01-18 11:42:23.972 [main] SignUpSepDefs - the user enters their password as 
[INFO ] 2024-01-18 11:42:26.051 [main] SignUpSepDefs - the user click on create botton 
[INFO ] 2024-01-18 11:43:08.170 [main] SignUpSepDefs - User navigates to the signuppage
[INFO ] 2024-01-18 11:43:08.210 [main] SignUpSepDefs - User navigates to the signuppage
[INFO ] 2024-01-18 11:43:08.237 [main] SignUpSepDefs - User navigates to the signuppage
[INFO ] 2024-01-18 11:43:20.286 [main] SignUpSepDefs - User navigates to the signuppage
[INFO ] 2024-01-18 11:43:29.714 [main] SignUpSepDefs - the user enters their first name 
[INFO ] 2024-01-18 11:43:31.824 [main] SignUpSepDefs - the user enters their last name as 
[INFO ] 2024-01-18 11:43:33.916 [main] SignUpSepDefs - the user enters their email 
[INFO ] 2024-01-18 11:43:36.013 [main] SignUpSepDefs - the user enters their password as 
[INFO ] 2024-01-18 11:43:38.102 [main] SignUpSepDefs - the user click on create botton 
[INFO ] 2024-01-18 11:44:26.488 [main] SignUpSepDefs - User navigates to the signuppage
[INFO ] 2024-01-18 11:44:36.329 [main] SignUpSepDefs - the user enters their first name 
[INFO ] 2024-01-18 11:44:38.425 [main] SignUpSepDefs - the user enters their last name as 
[INFO ] 2024-01-18 11:44:40.484 [main] SignUpSepDefs - the user enters their email 
[INFO ] 2024-01-18 11:44:42.623 [main] SignUpSepDefs - the user enters their password as 
[INFO ] 2024-01-18 11:44:44.857 [main] SignUpSepDefs - the user click on create botton 
[INFO ] 2024-01-18 11:45:33.385 [main] SignUpSepDefs - the user should be registered successfully 
[INFO ] 2024-01-18 11:45:33.414 [main] SignUpSepDefs - User navigates to the signuppage
[INFO ] 2024-01-18 11:45:41.768 [main] SignUpSepDefs - the user enters their first name 
[INFO ] 2024-01-18 11:45:43.867 [main] SignUpSepDefs - the user enters their last name as 
[INFO ] 2024-01-18 11:45:45.959 [main] SignUpSepDefs - the user enters their email 
[INFO ] 2024-01-18 11:45:48.063 [main] SignUpSepDefs - the user enters their password as 
[INFO ] 2024-01-18 11:45:50.129 [main] SignUpSepDefs - the user click on create botton 
[INFO ] 2024-01-18 11:46:39.386 [main] SignUpSepDefs - User navigates to the signuppage
[INFO ] 2024-01-18 11:46:46.845 [main] SignUpSepDefs - the user enters their first name 
[INFO ] 2024-01-18 11:46:48.927 [main] SignUpSepDefs - the user enters their last name as 
[INFO ] 2024-01-18 11:46:51.000 [main] SignUpSepDefs - the user enters their email 
[INFO ] 2024-01-18 11:46:53.132 [main] SignUpSepDefs - the user enters their password as 
[INFO ] 2024-01-18 11:46:55.240 [main] SignUpSepDefs - the user click on create botton 
[INFO ] 2024-01-18 11:47:44.547 [main] SignUpSepDefs - User navigates to the signuppage
[INFO ] 2024-01-18 11:47:49.193 [main] SignUpSepDefs - the user enters their first name 
[INFO ] 2024-01-18 11:47:51.308 [main] SignUpSepDefs - the user enters their last name as 
[INFO ] 2024-01-18 11:47:53.415 [main] SignUpSepDefs - the user enters their email 
[INFO ] 2024-01-18 11:47:55.492 [main] SignUpSepDefs - the user enters their password as 
[INFO ] 2024-01-18 11:47:57.578 [main] SignUpSepDefs - the user click on create botton 
[INFO ] 2024-01-18 11:48:46.060 [main] SignUpSepDefs - User navigates to the signuppage
[INFO ] 2024-01-18 11:48:51.137 [main] SignUpSepDefs - the user enters their first name 
[INFO ] 2024-01-18 11:50:05.308 [main] SignUpSepDefs - User navigates to the signuppage
[INFO ] 2024-01-18 11:50:15.956 [main] SignUpSepDefs - the user enters their first name 
[INFO ] 2024-01-18 11:50:18.063 [main] SignUpSepDefs - the user enters their last name as 
[INFO ] 2024-01-18 11:50:20.128 [main] SignUpSepDefs - the user enters their email 
[INFO ] 2024-01-18 11:50:22.229 [main] SignUpSepDefs - the user enters their password as 
[INFO ] 2024-01-18 11:50:24.307 [main] SignUpSepDefs - the user click on create botton 
[INFO ] 2024-01-18 11:51:06.392 [main] SignUpSepDefs - the user should be registered successfully 
[INFO ] 2024-01-18 11:51:06.406 [main] SignUpSepDefs - User navigates to the signuppage
[INFO ] 2024-01-18 11:51:17.026 [main] SignUpSepDefs - User navigates to the signuppage
[INFO ] 2024-01-18 11:51:29.163 [main] SignUpSepDefs - User navigates to the signuppage
[INFO ] 2024-01-18 11:51:40.912 [main] SignUpSepDefs - User navigates to the signuppage
[INFO ] 2024-01-18 12:00:39.517 [main] SignUpSepDefs - User navigates to the signuppage
[INFO ] 2024-01-18 12:00:50.324 [main] SignUpSepDefs - the user enters their first name 
[INFO ] 2024-01-18 12:00:52.441 [main] SignUpSepDefs - the user enters their last name as 
[INFO ] 2024-01-18 12:00:54.550 [main] SignUpSepDefs - the user enters their email 
[INFO ] 2024-01-18 12:00:56.650 [main] SignUpSepDefs - the user enters their password as 
[INFO ] 2024-01-18 12:00:58.725 [main] SignUpSepDefs - the user click on create botton 
[INFO ] 2024-01-18 12:01:40.804 [main] SignUpSepDefs - the user should be registered successfully 
[INFO ] 2024-01-18 12:01:40.816 [main] SignUpSepDefs - User navigates to the signuppage
[INFO ] 2024-01-18 12:01:51.382 [main] SignUpSepDefs - User navigates to the signuppage
[INFO ] 2024-01-18 12:02:03.112 [main] SignUpSepDefs - User navigates to the signuppage
[INFO ] 2024-01-18 12:04:03.704 [main] SignUpSepDefs - User navigates to the signuppage
[INFO ] 2024-01-18 12:04:14.725 [main] SignUpSepDefs - the user enters their first name 
[INFO ] 2024-01-18 12:04:16.819 [main] SignUpSepDefs - the user enters their last name as 
[INFO ] 2024-01-18 12:04:18.923 [main] SignUpSepDefs - the user enters their email 
[INFO ] 2024-01-18 12:04:21.018 [main] SignUpSepDefs - the user enters their password as 
[INFO ] 2024-01-18 12:04:23.092 [main] SignUpSepDefs - the user click on create botton 
[INFO ] 2024-01-18 12:05:05.178 [main] SignUpSepDefs - the user should be registered successfully 
[INFO ] 2024-01-18 12:05:05.187 [main] SignUpSepDefs - User navigates to the signuppage
[INFO ] 2024-01-18 12:05:12.688 [main] SignUpSepDefs - the user enters their first name 
[INFO ] 2024-01-18 12:05:14.799 [main] SignUpSepDefs - the user enters their last name as 
[INFO ] 2024-01-18 12:05:16.946 [main] SignUpSepDefs - the user enters their email 
[INFO ] 2024-01-18 12:05:19.079 [main] SignUpSepDefs - the user enters their password as 
[INFO ] 2024-01-18 12:05:21.153 [main] SignUpSepDefs - the user click on create botton 
[INFO ] 2024-01-18 12:06:03.389 [main] SignUpSepDefs - the user should be registered successfully 
[INFO ] 2024-01-18 12:06:03.402 [main] SignUpSepDefs - User navigates to the signuppage
[INFO ] 2024-01-18 12:06:09.354 [main] SignUpSepDefs - the user enters their first name 
[INFO ] 2024-01-18 12:06:11.475 [main] SignUpSepDefs - the user enters their last name as 
[INFO ] 2024-01-18 12:06:13.542 [main] SignUpSepDefs - the user enters their email 
[INFO ] 2024-01-18 12:06:15.644 [main] SignUpSepDefs - the user enters their password as 
[INFO ] 2024-01-18 12:06:17.718 [main] SignUpSepDefs - the user click on create botton 
[INFO ] 2024-01-18 12:06:59.835 [main] SignUpSepDefs - the user should be registered successfully 
[INFO ] 2024-01-18 12:06:59.867 [main] SignUpSepDefs - User navigates to the signuppage
[INFO ] 2024-01-18 12:07:04.915 [main] SignUpSepDefs - the user enters their first name 
[INFO ] 2024-01-18 12:07:06.983 [main] SignUpSepDefs - the user enters their last name as 
[INFO ] 2024-01-18 12:07:09.060 [main] SignUpSepDefs - the user enters their email 
[INFO ] 2024-01-18 12:07:11.120 [main] SignUpSepDefs - the user enters their password as 
[INFO ] 2024-01-18 12:07:13.226 [main] SignUpSepDefs - the user click on create botton 
[INFO ] 2024-01-18 12:07:56.642 [main] SignUpSepDefs - the user should be registered successfully 
[INFO ] 2024-01-18 12:07:56.649 [main] SignUpSepDefs - User navigates to the signuppage
[INFO ] 2024-01-18 12:08:03.251 [main] SignUpSepDefs - the user enters their first name 
[INFO ] 2024-01-18 12:08:05.334 [main] SignUpSepDefs - the user enters their last name as 
[INFO ] 2024-01-18 12:08:07.393 [main] SignUpSepDefs - the user enters their email 
[INFO ] 2024-01-18 12:08:09.505 [main] SignUpSepDefs - the user enters their password as 
[INFO ] 2024-01-18 12:08:11.584 [main] SignUpSepDefs - the user click on create botton 
[INFO ] 2024-01-18 12:08:53.674 [main] SignUpSepDefs - the user should be registered successfully 
[INFO ] 2024-01-18 12:13:36.825 [main] SignUpSepDefs - User navigates to the signuppage
[INFO ] 2024-01-18 12:13:48.239 [main] SignUpSepDefs - the user enters their first name 
[INFO ] 2024-01-18 12:13:50.347 [main] SignUpSepDefs - the user enters their last name as 
[INFO ] 2024-01-18 12:13:52.443 [main] SignUpSepDefs - the user enters their email 
[INFO ] 2024-01-18 12:13:54.531 [main] SignUpSepDefs - the user enters their password as 
[INFO ] 2024-01-18 12:13:56.623 [main] SignUpSepDefs - the user click on create botton 
[INFO ] 2024-01-18 12:14:38.704 [main] SignUpSepDefs - the user should be registered successfully 
[INFO ] 2024-01-18 12:14:38.914 [main] SignUpSepDefs - User navigates to the signuppage
[INFO ] 2024-01-18 12:14:45.022 [main] SignUpSepDefs - the user enters their first name 
[INFO ] 2024-01-18 12:14:47.124 [main] SignUpSepDefs - the user enters their last name as 
[INFO ] 2024-01-18 12:14:49.233 [main] SignUpSepDefs - the user enters their email 
[INFO ] 2024-01-18 12:14:51.331 [main] SignUpSepDefs - the user enters their password as 
[INFO ] 2024-01-18 12:14:53.435 [main] SignUpSepDefs - the user click on create botton 
[INFO ] 2024-01-18 12:15:35.579 [main] SignUpSepDefs - the user should be registered successfully 
[INFO ] 2024-01-18 12:15:35.711 [main] SignUpSepDefs - User navigates to the signuppage
[INFO ] 2024-01-18 12:15:45.688 [main] SignUpSepDefs - the user enters their first name 
[INFO ] 2024-01-18 12:15:47.788 [main] SignUpSepDefs - the user enters their last name as 
[INFO ] 2024-01-18 12:15:49.851 [main] SignUpSepDefs - the user enters their email 
[INFO ] 2024-01-18 12:15:51.970 [main] SignUpSepDefs - the user enters their password as 
[INFO ] 2024-01-18 12:15:54.034 [main] SignUpSepDefs - the user click on create botton 
[INFO ] 2024-01-18 12:16:36.105 [main] SignUpSepDefs - the user should be registered successfully 
[INFO ] 2024-01-18 12:16:36.177 [main] SignUpSepDefs - User navigates to the signuppage
[INFO ] 2024-01-18 12:16:44.455 [main] SignUpSepDefs - the user enters their first name 
[INFO ] 2024-01-18 12:16:46.555 [main] SignUpSepDefs - the user enters their last name as 
[INFO ] 2024-01-18 12:16:48.617 [main] SignUpSepDefs - the user enters their email 
[INFO ] 2024-01-18 12:16:50.699 [main] SignUpSepDefs - the user enters their password as 
[INFO ] 2024-01-18 12:16:52.789 [main] SignUpSepDefs - the user click on create botton 
[INFO ] 2024-01-18 12:17:36.401 [main] SignUpSepDefs - the user should be registered successfully 
[INFO ] 2024-01-18 12:17:36.444 [main] SignUpSepDefs - User navigates to the signuppage
[INFO ] 2024-01-18 12:17:43.374 [main] SignUpSepDefs - the user enters their first name 
[INFO ] 2024-01-18 12:17:45.446 [main] SignUpSepDefs - the user enters their last name as 
[INFO ] 2024-01-18 12:17:47.508 [main] SignUpSepDefs - the user enters their email 
[INFO ] 2024-01-18 12:17:49.630 [main] SignUpSepDefs - the user enters their password as 
[INFO ] 2024-01-18 12:17:51.697 [main] SignUpSepDefs - the user click on create botton 
[INFO ] 2024-01-18 12:18:35.973 [main] SignUpSepDefs - the user should be registered successfully 
[INFO ] 2024-01-18 13:04:06.554 [main] SignUpSepDefs - User navigates to the signuppage
[INFO ] 2024-01-18 13:04:23.406 [main] SignUpSepDefs - the user enters their first name 
[INFO ] 2024-01-18 13:04:25.776 [main] SignUpSepDefs - the user enters their last name as 
[INFO ] 2024-01-18 13:04:27.996 [main] SignUpSepDefs - the user enters their email 
[INFO ] 2024-01-18 13:04:30.272 [main] SignUpSepDefs - the user enters their password as 
[INFO ] 2024-01-18 13:04:32.777 [main] SignUpSepDefs - the user click on create botton 
[INFO ] 2024-01-18 13:05:15.137 [main] SignUpSepDefs - the user should be registered successfully 
[INFO ] 2024-01-18 13:05:15.191 [main] SignUpSepDefs - User navigates to the signuppage
[INFO ] 2024-01-18 13:05:22.734 [main] SignUpSepDefs - User navigates to the signuppage
[INFO ] 2024-01-18 13:05:34.826 [main] SignUpSepDefs - the user enters their first name 
[INFO ] 2024-01-18 13:05:37.142 [main] SignUpSepDefs - the user enters their last name as 
[INFO ] 2024-01-18 13:05:39.501 [main] SignUpSepDefs - the user enters their email 
[INFO ] 2024-01-18 13:05:41.918 [main] SignUpSepDefs - the user enters their password as 
[INFO ] 2024-01-18 13:05:44.059 [main] SignUpSepDefs - the user click on create botton 
[INFO ] 2024-01-18 13:06:26.450 [main] SignUpSepDefs - the user should be registered successfully 
[INFO ] 2024-01-18 13:06:26.489 [main] SignUpSepDefs - User navigates to the signuppage
[INFO ] 2024-01-18 13:06:39.212 [main] SignUpSepDefs - the user enters their first name 
[INFO ] 2024-01-18 13:06:41.449 [main] SignUpSepDefs - the user enters their last name as 
[INFO ] 2024-01-18 13:06:43.736 [main] SignUpSepDefs - the user enters their email 
[INFO ] 2024-01-18 13:06:45.953 [main] SignUpSepDefs - the user enters their password as 
[INFO ] 2024-01-18 13:06:48.234 [main] SignUpSepDefs - the user click on create botton 
[INFO ] 2024-01-18 13:07:30.573 [main] SignUpSepDefs - the user should be registered successfully 
[INFO ] 2024-01-18 13:07:30.601 [main] SignUpSepDefs - User navigates to the signuppage
[INFO ] 2024-01-18 13:07:45.226 [main] SignUpSepDefs - the user enters their first name 
[INFO ] 2024-01-18 13:07:47.562 [main] SignUpSepDefs - the user enters their last name as 
[INFO ] 2024-01-18 13:07:49.960 [main] SignUpSepDefs - the user enters their email 
[INFO ] 2024-01-18 13:07:52.441 [main] SignUpSepDefs - the user enters their password as 
[INFO ] 2024-01-18 13:07:54.644 [main] SignUpSepDefs - the user click on create botton 
[INFO ] 2024-01-18 13:08:37.063 [main] SignUpSepDefs - the user should be registered successfully 
[INFO ] 2024-01-18 13:20:27.937 [main] SignUpSepDefs - User navigates to the signuppage
[INFO ] 2024-01-18 13:20:39.031 [main] SignUpSepDefs - the user enters their first name 
[INFO ] 2024-01-18 13:20:41.369 [main] SignUpSepDefs - the user enters their last name as 
[INFO ] 2024-01-18 13:20:43.581 [main] SignUpSepDefs - the user enters their email 
[INFO ] 2024-01-18 13:20:45.874 [main] SignUpSepDefs - the user enters their password as 
[INFO ] 2024-01-18 13:20:48.039 [main] SignUpSepDefs - the user click on create botton 
[INFO ] 2024-01-18 13:21:30.383 [main] SignUpSepDefs - the user should be registered successfully 
[INFO ] 2024-01-18 13:21:30.416 [main] SignUpSepDefs - User navigates to the signuppage
[INFO ] 2024-01-18 13:21:38.773 [main] SignUpSepDefs - the user enters their first name 
[INFO ] 2024-01-18 13:21:41.095 [main] SignUpSepDefs - the user enters their last name as 
[INFO ] 2024-01-18 13:21:43.328 [main] SignUpSepDefs - the user enters their email 
[INFO ] 2024-01-18 13:21:45.634 [main] SignUpSepDefs - the user enters their password as 
[INFO ] 2024-01-18 13:21:47.855 [main] SignUpSepDefs - the user click on create botton 
[INFO ] 2024-01-18 13:22:30.209 [main] SignUpSepDefs - the user should be registered successfully 
[INFO ] 2024-01-18 13:22:30.245 [main] SignUpSepDefs - User navigates to the signuppage
[INFO ] 2024-01-18 13:22:37.994 [main] SignUpSepDefs - the user enters their first name 
[INFO ] 2024-01-18 13:22:40.189 [main] SignUpSepDefs - the user enters their last name as 
[INFO ] 2024-01-18 13:22:42.430 [main] SignUpSepDefs - the user enters their email 
[INFO ] 2024-01-18 13:22:44.771 [main] SignUpSepDefs - the user enters their password as 
[INFO ] 2024-01-18 13:22:47.433 [main] SignUpSepDefs - the user click on create botton 
[INFO ] 2024-01-18 13:23:29.753 [main] SignUpSepDefs - the user should be registered successfully 
[INFO ] 2024-01-18 13:23:29.813 [main] SignUpSepDefs - User navigates to the signuppage
[INFO ] 2024-01-18 13:23:38.788 [main] SignUpSepDefs - the user enters their first name 
[INFO ] 2024-01-18 13:23:41.092 [main] SignUpSepDefs - the user enters their last name as 
[INFO ] 2024-01-18 13:23:43.161 [main] SignUpSepDefs - the user enters their email 
[INFO ] 2024-01-18 13:23:45.327 [main] SignUpSepDefs - the user enters their password as 
[INFO ] 2024-01-18 13:23:47.570 [main] SignUpSepDefs - the user click on create botton 
[INFO ] 2024-01-18 13:24:32.655 [main] SignUpSepDefs - the user should be registered successfully 
[INFO ] 2024-01-18 13:24:32.676 [main] SignUpSepDefs - User navigates to the signuppage
[INFO ] 2024-01-18 13:58:54.035 [main] SignUpSepDefs - User navigates to the signuppage
[INFO ] 2024-01-18 13:59:05.031 [main] SignUpSepDefs - the user enters their first name 
[INFO ] 2024-01-18 13:59:07.196 [main] SignUpSepDefs - the user enters their last name as 
[INFO ] 2024-01-18 13:59:09.252 [main] SignUpSepDefs - the user enters their email 
[INFO ] 2024-01-18 13:59:11.337 [main] SignUpSepDefs - the user enters their password as 
[INFO ] 2024-01-18 13:59:13.423 [main] SignUpSepDefs - the user click on create botton 
[INFO ] 2024-01-18 13:59:55.535 [main] SignUpSepDefs - the user should be registered successfully 
[INFO ] 2024-01-18 13:59:55.641 [main] SignUpSepDefs - User navigates to the signuppage
[INFO ] 2024-01-18 14:00:05.325 [main] SignUpSepDefs - the user enters their first name 
[INFO ] 2024-01-18 14:00:07.417 [main] SignUpSepDefs - the user enters their last name as 
[INFO ] 2024-01-18 14:00:09.481 [main] SignUpSepDefs - the user enters their email 
[INFO ] 2024-01-18 14:00:11.591 [main] SignUpSepDefs - the user enters their password as 
[INFO ] 2024-01-18 14:00:13.712 [main] SignUpSepDefs - the user click on create botton 
[INFO ] 2024-01-18 14:00:55.839 [main] SignUpSepDefs - the user should be registered successfully 
[INFO ] 2024-01-18 14:00:55.885 [main] SignUpSepDefs - User navigates to the signuppage
[INFO ] 2024-01-18 14:01:04.377 [main] SignUpSepDefs - the user enters their first name 
[INFO ] 2024-01-18 14:01:06.474 [main] SignUpSepDefs - the user enters their last name as 
[INFO ] 2024-01-18 14:01:08.542 [main] SignUpSepDefs - the user enters their email 
[INFO ] 2024-01-18 14:01:10.647 [main] SignUpSepDefs - the user enters their password as 
[INFO ] 2024-01-18 14:01:12.745 [main] SignUpSepDefs - the user click on create botton 
[INFO ] 2024-01-18 14:01:54.841 [main] SignUpSepDefs - the user should be registered successfully 
[INFO ] 2024-01-18 14:01:54.858 [main] SignUpSepDefs - User navigates to the signuppage
[INFO ] 2024-01-18 14:02:02.656 [main] SignUpSepDefs - the user enters their first name 
[INFO ] 2024-01-18 14:02:04.738 [main] SignUpSepDefs - the user enters their last name as 
[INFO ] 2024-01-18 14:02:06.808 [main] SignUpSepDefs - the user enters their email 
[INFO ] 2024-01-18 14:02:08.852 [main] SignUpSepDefs - the user enters their password as 
[INFO ] 2024-01-18 14:02:10.908 [main] SignUpSepDefs - the user click on create botton 
[INFO ] 2024-01-18 14:02:54.662 [main] SignUpSepDefs - the user should be registered successfully 
[INFO ] 2024-01-18 14:02:54.672 [main] SignUpSepDefs - User navigates to the signuppage
[INFO ] 2024-01-18 14:03:01.752 [main] SignUpSepDefs - the user enters their first name 
[INFO ] 2024-01-18 14:03:03.840 [main] SignUpSepDefs - the user enters their last name as 
[INFO ] 2024-01-18 14:03:05.906 [main] SignUpSepDefs - the user enters their email 
[INFO ] 2024-01-18 14:03:08.002 [main] SignUpSepDefs - the user enters their password as 
[INFO ] 2024-01-18 14:03:10.075 [main] SignUpSepDefs - the user click on create botton 
[INFO ] 2024-01-18 14:03:53.561 [main] SignUpSepDefs - the user should be registered successfully 
[INFO ] 2024-01-18 14:06:26.690 [main] SignUpSepDefs - User navigates to the signuppage
[INFO ] 2024-01-18 14:06:37.297 [main] SignUpSepDefs - the user enters their first name 
[INFO ] 2024-01-18 14:06:39.381 [main] SignUpSepDefs - the user enters their last name as 
[INFO ] 2024-01-18 14:06:41.464 [main] SignUpSepDefs - the user enters their email 
[INFO ] 2024-01-18 14:06:43.580 [main] SignUpSepDefs - the user enters their password as 
[INFO ] 2024-01-18 14:06:45.678 [main] SignUpSepDefs - the user click on create botton 
[INFO ] 2024-01-18 14:07:27.761 [main] SignUpSepDefs - the user should be registered successfully 
[INFO ] 2024-01-18 14:07:27.877 [main] SignUpSepDefs - User navigates to the signuppage
[INFO ] 2024-01-18 14:07:34.826 [main] SignUpSepDefs - the user enters their first name 
[INFO ] 2024-01-18 14:07:36.944 [main] SignUpSepDefs - the user enters their last name as 
[INFO ] 2024-01-18 14:07:39.012 [main] SignUpSepDefs - the user enters their email 
[INFO ] 2024-01-18 14:07:41.116 [main] SignUpSepDefs - the user enters their password as 
[INFO ] 2024-01-18 14:07:43.195 [main] SignUpSepDefs - the user click on create botton 
[INFO ] 2024-01-18 14:08:25.314 [main] SignUpSepDefs - the user should be registered successfully 
[INFO ] 2024-01-18 14:08:25.349 [main] SignUpSepDefs - User navigates to the signuppage
[INFO ] 2024-01-18 14:08:31.592 [main] SignUpSepDefs - the user enters their first name 
[INFO ] 2024-01-18 14:08:33.675 [main] SignUpSepDefs - the user enters their last name as 
[INFO ] 2024-01-18 14:08:35.745 [main] SignUpSepDefs - the user enters their email 
[INFO ] 2024-01-18 14:08:37.845 [main] SignUpSepDefs - the user enters their password as 
[INFO ] 2024-01-18 14:08:39.938 [main] SignUpSepDefs - the user click on create botton 
[INFO ] 2024-01-18 14:09:22.063 [main] SignUpSepDefs - the user should be registered successfully 
[INFO ] 2024-01-18 14:09:22.091 [main] SignUpSepDefs - User navigates to the signuppage
[INFO ] 2024-01-18 14:09:32.273 [main] SignUpSepDefs - the user enters their first name 
[INFO ] 2024-01-18 14:09:34.339 [main] SignUpSepDefs - the user enters their last name as 
[INFO ] 2024-01-18 14:09:36.398 [main] SignUpSepDefs - the user enters their email 
[INFO ] 2024-01-18 14:09:38.453 [main] SignUpSepDefs - the user enters their password as 
[INFO ] 2024-01-18 14:09:40.513 [main] SignUpSepDefs - the user click on create botton 
[INFO ] 2024-01-18 14:16:52.040 [main] SignUpSepDefs - User navigates to the signuppage
[INFO ] 2024-01-18 14:17:02.038 [main] SignUpSepDefs - the user enters their first name 
[INFO ] 2024-01-18 14:17:04.125 [main] SignUpSepDefs - the user enters their last name as 
[INFO ] 2024-01-18 14:17:06.194 [main] SignUpSepDefs - the user enters their email 
[INFO ] 2024-01-18 14:17:08.298 [main] SignUpSepDefs - the user enters their password as 
[INFO ] 2024-01-18 14:17:10.395 [main] SignUpSepDefs - the user click on create botton 
[INFO ] 2024-01-18 14:17:52.491 [main] SignUpSepDefs - the user should be registered successfully 
[INFO ] 2024-01-18 14:17:52.587 [main] SignUpSepDefs - User navigates to the signuppage
[INFO ] 2024-01-18 14:17:58.585 [main] SignUpSepDefs - the user enters their first name 
[INFO ] 2024-01-18 14:18:00.674 [main] SignUpSepDefs - the user enters their last name as 
[INFO ] 2024-01-18 14:18:02.773 [main] SignUpSepDefs - the user enters their email 
[INFO ] 2024-01-18 14:18:04.899 [main] SignUpSepDefs - the user enters their password as 
[INFO ] 2024-01-18 14:18:06.974 [main] SignUpSepDefs - the user click on create botton 
[INFO ] 2024-01-18 14:18:49.189 [main] SignUpSepDefs - the user should be registered successfully 
[INFO ] 2024-01-18 14:18:49.234 [main] SignUpSepDefs - User navigates to the signuppage
[INFO ] 2024-01-18 14:18:56.432 [main] SignUpSepDefs - the user enters their first name 
[INFO ] 2024-01-18 14:18:58.513 [main] SignUpSepDefs - the user enters their last name as 
[INFO ] 2024-01-18 14:19:00.604 [main] SignUpSepDefs - the user enters their email 
[INFO ] 2024-01-18 14:19:02.711 [main] SignUpSepDefs - the user enters their password as 
[INFO ] 2024-01-18 14:19:04.809 [main] SignUpSepDefs - the user click on create botton 
[INFO ] 2024-01-18 14:19:46.922 [main] SignUpSepDefs - the user should be registered successfully 
[INFO ] 2024-01-18 14:19:46.953 [main] SignUpSepDefs - User navigates to the signuppage
[INFO ] 2024-01-18 14:19:55.168 [main] SignUpSepDefs - the user enters their first name 
[INFO ] 2024-01-18 14:19:57.250 [main] SignUpSepDefs - the user enters their last name as 
[INFO ] 2024-01-18 14:19:59.298 [main] SignUpSepDefs - the user enters their email 
[INFO ] 2024-01-18 14:20:01.353 [main] SignUpSepDefs - the user enters their password as 
[INFO ] 2024-01-18 14:20:03.419 [main] SignUpSepDefs - the user click on create botton 
[INFO ] 2024-01-18 14:20:47.659 [main] SignUpSepDefs - the user should be registered successfully 
[INFO ] 2024-01-18 14:20:47.682 [main] SignUpSepDefs - User navigates to the signuppage
[INFO ] 2024-01-18 14:57:10.358 [main] SignUpSepDefs - User navigates to the signuppage
[INFO ] 2024-01-18 14:57:21.600 [main] SignUpSepDefs - the user enters their first name 
[INFO ] 2024-01-18 14:57:23.690 [main] SignUpSepDefs - the user enters their last name as 
[INFO ] 2024-01-18 14:57:25.790 [main] SignUpSepDefs - the user enters their email 
[INFO ] 2024-01-18 14:57:27.882 [main] SignUpSepDefs - the user enters their password as 
[INFO ] 2024-01-18 14:57:29.956 [main] SignUpSepDefs - the user click on create botton 
[INFO ] 2024-01-18 14:58:12.051 [main] SignUpSepDefs - the user should be registered successfully 
[INFO ] 2024-01-18 14:58:12.098 [main] SignUpSepDefs - User navigates to the signuppage
[INFO ] 2024-01-18 14:58:19.486 [main] SignUpSepDefs - the user enters their first name 
[INFO ] 2024-01-18 14:58:21.638 [main] SignUpSepDefs - the user enters their last name as 
[INFO ] 2024-01-18 14:58:23.735 [main] SignUpSepDefs - the user enters their email 
[INFO ] 2024-01-18 14:58:25.826 [main] SignUpSepDefs - the user enters their password as 
[INFO ] 2024-01-18 14:58:27.914 [main] SignUpSepDefs - the user click on create botton 
[INFO ] 2024-01-18 14:59:10.015 [main] SignUpSepDefs - the user should be registered successfully 
[INFO ] 2024-01-18 14:59:10.029 [main] SignUpSepDefs - User navigates to the signuppage
[INFO ] 2024-01-18 14:59:16.287 [main] SignUpSepDefs - the user enters their first name 
[INFO ] 2024-01-18 14:59:18.427 [main] SignUpSepDefs - the user enters their last name as 
[INFO ] 2024-01-18 14:59:20.536 [main] SignUpSepDefs - the user enters their email 
[INFO ] 2024-01-18 14:59:22.661 [main] SignUpSepDefs - the user enters their password as 
[INFO ] 2024-01-18 14:59:24.720 [main] SignUpSepDefs - the user click on create botton 
[INFO ] 2024-01-18 15:00:06.836 [main] SignUpSepDefs - the user should be registered successfully 
[INFO ] 2024-01-18 15:00:06.871 [main] SignUpSepDefs - User navigates to the signuppage
[INFO ] 2024-01-18 15:00:15.247 [main] SignUpSepDefs - the user enters their first name 
[INFO ] 2024-01-18 15:00:17.328 [main] SignUpSepDefs - the user enters their last name as 
[INFO ] 2024-01-18 15:00:19.385 [main] SignUpSepDefs - the user enters their email 
[INFO ] 2024-01-18 15:00:21.437 [main] SignUpSepDefs - the user enters their password as 
[INFO ] 2024-01-18 15:00:23.599 [main] SignUpSepDefs - the user click on create botton 
[INFO ] 2024-01-18 15:01:07.397 [main] SignUpSepDefs - the user should be registered successfully 
[INFO ] 2024-01-18 15:01:07.406 [main] SignUpSepDefs - User navigates to the signuppage
[INFO ] 2024-01-18 15:01:16.574 [main] SignUpSepDefs - the user enters their first name 
[INFO ] 2024-01-18 15:01:18.701 [main] SignUpSepDefs - the user enters their last name as 
[INFO ] 2024-01-18 15:01:20.802 [main] SignUpSepDefs - the user enters their email 
[INFO ] 2024-01-18 15:01:22.942 [main] SignUpSepDefs - the user enters their password as 
[INFO ] 2024-01-18 15:01:25.060 [main] SignUpSepDefs - the user click on create botton 
[INFO ] 2024-01-18 15:02:07.206 [main] SignUpSepDefs - the user should be registered successfully 
[INFO ] 2024-01-18 15:03:51.061 [main] SignUpSepDefs - User navigates to the signuppage
[INFO ] 2024-01-18 15:04:01.777 [main] SignUpSepDefs - the user enters their first name 
[INFO ] 2024-01-18 15:04:03.971 [main] SignUpSepDefs - the user enters their last name as 
[INFO ] 2024-01-18 15:04:06.102 [main] SignUpSepDefs - the user enters their email 
[INFO ] 2024-01-18 15:04:08.305 [main] SignUpSepDefs - the user enters their password as 
[INFO ] 2024-01-18 15:04:10.475 [main] SignUpSepDefs - the user click on create botton 
[INFO ] 2024-01-18 15:04:52.692 [main] SignUpSepDefs - the user should be registered successfully 
[INFO ] 2024-01-18 15:04:52.715 [main] SignUpSepDefs - User navigates to the signuppage
[INFO ] 2024-01-18 15:04:59.922 [main] SignUpSepDefs - the user enters their first name 
[INFO ] 2024-01-18 15:05:02.080 [main] SignUpSepDefs - the user enters their last name as 
[INFO ] 2024-01-18 15:05:04.168 [main] SignUpSepDefs - the user enters their email 
[INFO ] 2024-01-18 15:05:06.284 [main] SignUpSepDefs - the user enters their password as 
[INFO ] 2024-01-18 15:05:08.488 [main] SignUpSepDefs - the user click on create botton 
[INFO ] 2024-01-18 15:05:50.750 [main] SignUpSepDefs - the user should be registered successfully 
[INFO ] 2024-01-18 15:05:50.773 [main] SignUpSepDefs - User navigates to the signuppage
[INFO ] 2024-01-18 15:05:59.342 [main] SignUpSepDefs - the user enters their first name 
[INFO ] 2024-01-18 15:06:01.463 [main] SignUpSepDefs - the user enters their last name as 
[INFO ] 2024-01-18 15:06:03.661 [main] SignUpSepDefs - the user enters their email 
[INFO ] 2024-01-18 15:06:05.929 [main] SignUpSepDefs - the user enters their password as 
[INFO ] 2024-01-18 15:06:08.019 [main] SignUpSepDefs - the user click on create botton 
[INFO ] 2024-01-18 15:06:50.156 [main] SignUpSepDefs - the user should be registered successfully 
[INFO ] 2024-01-18 15:06:50.165 [main] SignUpSepDefs - User navigates to the signuppage
[INFO ] 2024-01-18 15:07:16.141 [main] SignUpSepDefs - the user enters their first name 
[INFO ] 2024-01-18 15:07:18.263 [main] SignUpSepDefs - the user enters their last name as 
[INFO ] 2024-01-18 15:07:20.376 [main] SignUpSepDefs - the user enters their email 
[INFO ] 2024-01-18 15:07:22.475 [main] SignUpSepDefs - the user enters their password as 
[INFO ] 2024-01-18 15:07:24.627 [main] SignUpSepDefs - the user click on create botton 
[INFO ] 2024-01-18 15:08:36.850 [main] SignUpSepDefs - the user should be registered successfully 
[INFO ] 2024-01-18 15:08:36.879 [main] SignUpSepDefs - User navigates to the signuppage
[INFO ] 2024-01-18 15:08:51.786 [main] SignUpSepDefs - the user enters their first name 
[INFO ] 2024-01-18 15:08:53.967 [main] SignUpSepDefs - the user enters their last name as 
[INFO ] 2024-01-18 15:08:56.136 [main] SignUpSepDefs - the user enters their email 
[INFO ] 2024-01-18 15:08:58.261 [main] SignUpSepDefs - the user enters their password as 
[INFO ] 2024-01-18 15:09:00.450 [main] SignUpSepDefs - the user click on create botton 
[INFO ] 2024-01-18 15:09:42.688 [main] SignUpSepDefs - the user should be registered successfully 
[INFO ] 2024-01-18 15:34:55.500 [main] SignUpSepDefs - User navigates to the signuppage
[INFO ] 2024-01-18 15:35:10.589 [main] SignUpSepDefs - the user enters their first name 
[INFO ] 2024-01-18 15:35:12.884 [main] SignUpSepDefs - the user enters their last name as 
[INFO ] 2024-01-18 15:35:15.003 [main] SignUpSepDefs - the user enters their email 
[INFO ] 2024-01-18 15:35:17.336 [main] SignUpSepDefs - the user enters their password as 
[INFO ] 2024-01-18 15:35:19.613 [main] SignUpSepDefs - the user click on create botton 
[INFO ] 2024-01-18 15:36:02.055 [main] SignUpSepDefs - the user should be registered successfully 
[INFO ] 2024-01-18 15:36:02.111 [main] SignUpSepDefs - User navigates to the signuppage
[INFO ] 2024-01-18 15:36:14.683 [main] SignUpSepDefs - the user enters their first name 
[INFO ] 2024-01-18 15:36:17.036 [main] SignUpSepDefs - the user enters their last name as 
[INFO ] 2024-01-18 15:36:19.300 [main] SignUpSepDefs - the user enters their email 
[INFO ] 2024-01-18 15:36:21.661 [main] SignUpSepDefs - the user enters their password as 
[INFO ] 2024-01-18 15:36:23.977 [main] SignUpSepDefs - the user click on create botton 
[INFO ] 2024-01-18 15:37:06.431 [main] SignUpSepDefs - the user should be registered successfully 
[INFO ] 2024-01-18 15:37:06.443 [main] SignUpSepDefs - User navigates to the signuppage
[INFO ] 2024-01-18 15:37:14.293 [main] SignUpSepDefs - the user enters their first name 
[INFO ] 2024-01-18 15:37:16.682 [main] SignUpSepDefs - the user enters their last name as 
[INFO ] 2024-01-18 15:37:18.828 [main] SignUpSepDefs - the user enters their email 
[INFO ] 2024-01-18 15:37:21.125 [main] SignUpSepDefs - the user enters their password as 
[INFO ] 2024-01-18 15:37:23.393 [main] SignUpSepDefs - the user click on create botton 
[INFO ] 2024-01-18 15:38:05.695 [main] SignUpSepDefs - the user should be registered successfully 
[INFO ] 2024-01-18 15:38:05.710 [main] SignUpSepDefs - User navigates to the signuppage
[INFO ] 2024-01-18 15:38:16.921 [main] SignUpSepDefs - the user enters their first name 
[INFO ] 2024-01-18 15:38:19.163 [main] SignUpSepDefs - the user enters their last name as 
[INFO ] 2024-01-18 15:38:21.360 [main] SignUpSepDefs - the user enters their email 
[INFO ] 2024-01-18 15:38:23.547 [main] SignUpSepDefs - the user enters their password as 
[INFO ] 2024-01-18 15:38:25.755 [main] SignUpSepDefs - the user click on create botton 
[INFO ] 2024-01-18 15:39:10.093 [main] SignUpSepDefs - the user should be registered successfully 
[INFO ] 2024-01-18 15:39:10.119 [main] SignUpSepDefs - User navigates to the signuppage
[INFO ] 2024-01-18 15:39:21.198 [main] SignUpSepDefs - the user enters their first name 
[INFO ] 2024-01-18 15:39:23.442 [main] SignUpSepDefs - the user enters their last name as 
[INFO ] 2024-01-18 15:39:25.665 [main] SignUpSepDefs - the user enters their email 
[INFO ] 2024-01-18 15:39:27.968 [main] SignUpSepDefs - the user enters their password as 
[INFO ] 2024-01-18 15:39:30.218 [main] SignUpSepDefs - the user click on create botton 
[INFO ] 2024-01-18 15:42:00.466 [main] SignUpSepDefs - User navigates to the signuppage
[INFO ] 2024-01-18 15:42:16.144 [main] SignUpSepDefs - the user enters their first name 
[INFO ] 2024-01-18 15:42:18.516 [main] SignUpSepDefs - the user enters their last name as 
[INFO ] 2024-01-18 15:42:20.747 [main] SignUpSepDefs - the user enters their email 
[INFO ] 2024-01-18 15:42:23.056 [main] SignUpSepDefs - the user enters their password as 
[INFO ] 2024-01-18 15:42:25.312 [main] SignUpSepDefs - the user click on create botton 
[INFO ] 2024-01-18 15:43:07.767 [main] SignUpSepDefs - the user should be registered successfully 
[INFO ] 2024-01-18 15:43:07.805 [main] SignUpSepDefs - User navigates to the signuppage
[INFO ] 2024-01-18 15:43:19.195 [main] SignUpSepDefs - the user enters their first name 
[INFO ] 2024-01-18 15:43:21.484 [main] SignUpSepDefs - the user enters their last name as 
[INFO ] 2024-01-18 15:43:23.718 [main] SignUpSepDefs - the user enters their email 
[INFO ] 2024-01-18 15:43:26.015 [main] SignUpSepDefs - the user enters their password as 
[INFO ] 2024-01-18 15:43:28.264 [main] SignUpSepDefs - the user click on create botton 
[INFO ] 2024-01-18 15:44:10.619 [main] SignUpSepDefs - the user should be registered successfully 
[INFO ] 2024-01-18 15:44:10.641 [main] SignUpSepDefs - User navigates to the signuppage
[INFO ] 2024-01-18 15:44:17.410 [main] SignUpSepDefs - the user enters their first name 
[INFO ] 2024-01-18 15:44:19.632 [main] SignUpSepDefs - the user enters their last name as 
[INFO ] 2024-01-18 15:44:21.873 [main] SignUpSepDefs - the user enters their email 
[INFO ] 2024-01-18 15:44:24.207 [main] SignUpSepDefs - the user enters their password as 
[INFO ] 2024-01-18 15:44:26.421 [main] SignUpSepDefs - the user click on create botton 
[INFO ] 2024-01-18 15:45:08.693 [main] SignUpSepDefs - the user should be registered successfully 
[INFO ] 2024-01-18 15:45:08.719 [main] SignUpSepDefs - User navigates to the signuppage
[INFO ] 2024-01-18 15:45:20.627 [main] SignUpSepDefs - the user enters their first name 
[INFO ] 2024-01-18 15:45:22.850 [main] SignUpSepDefs - the user enters their last name as 
[INFO ] 2024-01-18 15:45:25.020 [main] SignUpSepDefs - the user enters their email 
[INFO ] 2024-01-18 15:45:27.197 [main] SignUpSepDefs - the user enters their password as 
[INFO ] 2024-01-18 15:45:29.342 [main] SignUpSepDefs - the user click on create botton 
[INFO ] 2024-01-18 15:46:15.025 [main] SignUpSepDefs - the user should be registered successfully 
[INFO ] 2024-01-18 15:46:15.055 [main] SignUpSepDefs - User navigates to the signuppage
[INFO ] 2024-01-18 15:46:28.352 [main] SignUpSepDefs - the user enters their first name 
[INFO ] 2024-01-18 15:46:30.605 [main] SignUpSepDefs - the user enters their last name as 
[INFO ] 2024-01-18 15:46:32.815 [main] SignUpSepDefs - the user enters their email 
[INFO ] 2024-01-18 15:46:35.118 [main] SignUpSepDefs - the user enters their password as 
[INFO ] 2024-01-18 15:46:37.367 [main] SignUpSepDefs - the user click on create botton 
[INFO ] 2024-01-18 15:47:19.600 [main] SignUpSepDefs - the user should be registered successfully 
[INFO ] 2024-01-18 19:10:59.335 [main] SignUpSepDefs - User navigates to the signuppage
[INFO ] 2024-01-18 19:11:14.270 [main] SignUpSepDefs - the user enters their first name 
[INFO ] 2024-01-18 19:11:16.437 [main] SignUpSepDefs - the user enters their last name as 
[INFO ] 2024-01-18 19:11:18.510 [main] SignUpSepDefs - the user enters their email 
[INFO ] 2024-01-18 19:11:20.601 [main] SignUpSepDefs - the user enters their password as 
[INFO ] 2024-01-18 19:11:22.671 [main] SignUpSepDefs - the user click on create botton 
[INFO ] 2024-01-18 19:12:04.825 [main] SignUpSepDefs - the user should be registered successfully 
[INFO ] 2024-01-18 19:12:09.867 [main] SignUpSepDefs - User navigates to the signuppage
[INFO ] 2024-01-18 19:12:18.831 [main] SignUpSepDefs - the user enters their first name 
[INFO ] 2024-01-18 19:12:20.915 [main] SignUpSepDefs - the user enters their last name as 
[INFO ] 2024-01-18 19:12:22.984 [main] SignUpSepDefs - the user enters their email 
[INFO ] 2024-01-18 19:12:25.088 [main] SignUpSepDefs - the user enters their password as 
[INFO ] 2024-01-18 19:12:27.183 [main] SignUpSepDefs - the user click on create botton 
[INFO ] 2024-01-18 19:13:09.299 [main] SignUpSepDefs - the user should be registered successfully 
[INFO ] 2024-01-18 19:13:14.370 [main] SignUpSepDefs - User navigates to the signuppage
[INFO ] 2024-01-18 19:13:20.898 [main] SignUpSepDefs - User navigates to the signuppage
[INFO ] 2024-01-18 19:13:27.299 [main] SignUpSepDefs - the user enters their first name 
[INFO ] 2024-01-18 19:13:29.366 [main] SignUpSepDefs - the user enters their last name as 
[INFO ] 2024-01-18 19:13:31.462 [main] SignUpSepDefs - the user enters their email 
[INFO ] 2024-01-18 19:13:33.537 [main] SignUpSepDefs - the user enters their password as 
[INFO ] 2024-01-18 19:13:35.595 [main] SignUpSepDefs - the user click on create botton 
[INFO ] 2024-01-18 19:14:19.200 [main] SignUpSepDefs - the user should be registered successfully 
[INFO ] 2024-01-18 19:14:24.302 [main] SignUpSepDefs - User navigates to the signuppage
[INFO ] 2024-01-18 19:14:30.783 [main] SignUpSepDefs - the user enters their first name 
[INFO ] 2024-01-18 19:14:32.859 [main] SignUpSepDefs - the user enters their last name as 
[INFO ] 2024-01-18 19:14:34.947 [main] SignUpSepDefs - the user enters their email 
[INFO ] 2024-01-18 19:14:37.055 [main] SignUpSepDefs - the user enters their password as 
[INFO ] 2024-01-18 19:14:39.127 [main] SignUpSepDefs - the user click on create botton 
[INFO ] 2024-01-18 19:15:21.256 [main] SignUpSepDefs - the user should be registered successfully 
[INFO ] 2024-01-18 19:41:18.155 [main] SignUpSepDefs - User navigates to the signuppage
[INFO ] 2024-01-18 19:41:37.815 [main] SignUpSepDefs - the user enters their first name 
[INFO ] 2024-01-18 19:41:40.199 [main] SignUpSepDefs - the user enters their last name as 
[INFO ] 2024-01-18 19:41:42.482 [main] SignUpSepDefs - the user enters their email 
[INFO ] 2024-01-18 19:41:44.899 [main] SignUpSepDefs - the user enters their password as 
[INFO ] 2024-01-18 19:41:47.059 [main] SignUpSepDefs - the user click on create botton 
[INFO ] 2024-01-18 19:42:29.652 [main] SignUpSepDefs - the user should be registered successfully 
[INFO ] 2024-01-18 19:42:29.898 [main] SignUpSepDefs - User navigates to the signuppage
[INFO ] 2024-01-18 19:42:39.476 [main] SignUpSepDefs - the user enters their first name 
[INFO ] 2024-01-18 19:42:41.806 [main] SignUpSepDefs - the user enters their last name as 
[INFO ] 2024-01-18 19:42:44.070 [main] SignUpSepDefs - the user enters their email 
[INFO ] 2024-01-18 19:42:46.447 [main] SignUpSepDefs - the user enters their password as 
[INFO ] 2024-01-18 19:42:48.736 [main] SignUpSepDefs - the user click on create botton 
[INFO ] 2024-01-18 19:43:31.081 [main] SignUpSepDefs - the user should be registered successfully 
[INFO ] 2024-01-18 19:43:36.197 [main] SignUpSepDefs - User navigates to the signuppage
[INFO ] 2024-01-18 19:43:44.047 [main] SignUpSepDefs - the user enters their first name 
[INFO ] 2024-01-18 19:43:46.434 [main] SignUpSepDefs - the user enters their last name as 
[INFO ] 2024-01-18 19:43:48.805 [main] SignUpSepDefs - the user enters their email 
[INFO ] 2024-01-18 19:43:51.293 [main] SignUpSepDefs - the user enters their password as 
[INFO ] 2024-01-18 19:43:53.611 [main] SignUpSepDefs - the user click on create botton 
[INFO ] 2024-01-18 19:44:35.924 [main] SignUpSepDefs - the user should be registered successfully 
[INFO ] 2024-01-18 19:44:41.077 [main] SignUpSepDefs - User navigates to the signuppage
[INFO ] 2024-01-18 19:44:55.561 [main] SignUpSepDefs - the user enters their first name 
[INFO ] 2024-01-18 19:44:57.919 [main] SignUpSepDefs - the user enters their last name as 
[INFO ] 2024-01-18 19:45:00.150 [main] SignUpSepDefs - the user enters their email 
[INFO ] 2024-01-18 19:45:02.336 [main] SignUpSepDefs - the user enters their password as 
[INFO ] 2024-01-18 19:45:04.541 [main] SignUpSepDefs - the user click on create botton 
[INFO ] 2024-01-18 19:45:49.473 [main] SignUpSepDefs - the user should be registered successfully 
[INFO ] 2024-01-18 19:45:49.620 [main] SignUpSepDefs - User navigates to the signuppage
[INFO ] 2024-01-18 19:45:57.451 [main] SignUpSepDefs - the user enters their first name 
[INFO ] 2024-01-18 19:45:59.818 [main] SignUpSepDefs - the user enters their last name as 
[INFO ] 2024-01-18 19:46:02.109 [main] SignUpSepDefs - the user enters their email 
[INFO ] 2024-01-18 19:46:04.490 [main] SignUpSepDefs - the user enters their password as 
[INFO ] 2024-01-18 19:46:06.800 [main] SignUpSepDefs - the user click on create botton 
[INFO ] 2024-01-18 19:46:49.120 [main] SignUpSepDefs - the user should be registered successfully 
[INFO ] 2024-01-18 19:52:05.005 [main] SignUpSepDefs - User navigates to the signuppage
[INFO ] 2024-01-18 19:52:19.990 [main] SignUpSepDefs - the user enters their first name 
[INFO ] 2024-01-18 19:52:22.385 [main] SignUpSepDefs - the user enters their last name as 
[INFO ] 2024-01-18 19:52:24.646 [main] SignUpSepDefs - the user enters their email 
[INFO ] 2024-01-18 19:52:27.057 [main] SignUpSepDefs - the user enters their password as 
[INFO ] 2024-01-18 19:52:29.368 [main] SignUpSepDefs - the user click on create botton 
[INFO ] 2024-01-18 19:52:41.671 [main] SignUpSepDefs - the user should be registered successfully 
[INFO ] 2024-01-18 19:52:41.982 [main] SignUpSepDefs - User navigates to the signuppage
[INFO ] 2024-01-18 19:52:49.879 [main] SignUpSepDefs - the user enters their first name 
[INFO ] 2024-01-18 19:52:51.998 [main] SignUpSepDefs - the user enters their last name as 
[INFO ] 2024-01-18 19:52:54.178 [main] SignUpSepDefs - the user enters their email 
[INFO ] 2024-01-18 19:52:56.453 [main] SignUpSepDefs - the user enters their password as 
[INFO ] 2024-01-18 19:52:58.970 [main] SignUpSepDefs - the user click on create botton 
[INFO ] 2024-01-18 19:53:11.220 [main] SignUpSepDefs - the user should be registered successfully 
[INFO ] 2024-01-18 19:53:11.404 [main] SignUpSepDefs - User navigates to the signuppage
[INFO ] 2024-01-18 19:53:18.432 [main] SignUpSepDefs - the user enters their first name 
[INFO ] 2024-01-18 19:53:20.734 [main] SignUpSepDefs - the user enters their last name as 
[INFO ] 2024-01-18 19:53:23.019 [main] SignUpSepDefs - the user enters their email 
[INFO ] 2024-01-18 19:53:25.350 [main] SignUpSepDefs - the user enters their password as 
[INFO ] 2024-01-18 19:53:27.577 [main] SignUpSepDefs - the user click on create botton 
[INFO ] 2024-01-18 19:53:39.851 [main] SignUpSepDefs - the user should be registered successfully 
[INFO ] 2024-01-18 19:53:39.997 [main] SignUpSepDefs - User navigates to the signuppage
[INFO ] 2024-01-18 19:53:47.163 [main] SignUpSepDefs - the user enters their first name 
[INFO ] 2024-01-18 19:53:49.357 [main] SignUpSepDefs - the user enters their last name as 
[INFO ] 2024-01-18 19:53:51.668 [main] SignUpSepDefs - the user enters their email 
[INFO ] 2024-01-18 19:53:53.795 [main] SignUpSepDefs - the user enters their password as 
[INFO ] 2024-01-18 19:53:56.013 [main] SignUpSepDefs - the user click on create botton 
[INFO ] 2024-01-18 19:54:10.403 [main] SignUpSepDefs - the user should be registered successfully 
[INFO ] 2024-01-18 19:54:10.566 [main] SignUpSepDefs - User navigates to the signuppage
[INFO ] 2024-01-18 19:54:18.474 [main] SignUpSepDefs - the user enters their first name 
[INFO ] 2024-01-18 19:54:20.781 [main] SignUpSepDefs - the user enters their last name as 
[INFO ] 2024-01-18 19:54:23.108 [main] SignUpSepDefs - the user enters their email 
[INFO ] 2024-01-18 19:54:25.485 [main] SignUpSepDefs - the user enters their password as 
[INFO ] 2024-01-18 19:54:27.594 [main] SignUpSepDefs - the user click on create botton 
[INFO ] 2024-01-18 19:54:40.026 [main] SignUpSepDefs - the user should be registered successfully 
